  [1m[35m (84.3ms)[0m  [1m[35mCREATE DATABASE "roomiconnect_development" ENCODING = 'unicode'[0m
  [1m[35m (56.2ms)[0m  [1m[35mCREATE DATABASE "roomiconnect_test" ENCODING = 'unicode'[0m
  [1m[35m (6.9ms)[0m  [1m[35mCREATE TABLE "schema_migrations" ("version" character varying NOT NULL PRIMARY KEY)[0m
  [1m[35m (3.6ms)[0m  [1m[35mCREATE TABLE "ar_internal_metadata" ("key" character varying NOT NULL PRIMARY KEY, "value" character varying, "created_at" timestamp(6) NOT NULL, "updated_at" timestamp(6) NOT NULL)[0m
  [1m[35m (0.3ms)[0m  [1m[34mSELECT pg_try_advisory_lock(6688594638658517760)[0m
  [1m[36mActiveRecord::SchemaMigration Pluck (0.4ms)[0m  [1m[34mSELECT "schema_migrations"."version" FROM "schema_migrations" ORDER BY "schema_migrations"."version" ASC[0m
  [1m[36mActiveRecord::InternalMetadata Load (0.3ms)[0m  [1m[34mSELECT "ar_internal_metadata".* FROM "ar_internal_metadata" WHERE "ar_internal_metadata"."key" = $1 LIMIT $2[0m  [["key", "environment"], ["LIMIT", 1]]
  [1m[36mTRANSACTION (0.2ms)[0m  [1m[35mBEGIN[0m
  [1m[36mActiveRecord::InternalMetadata Create (0.5ms)[0m  [1m[32mINSERT INTO "ar_internal_metadata" ("key", "value", "created_at", "updated_at") VALUES ($1, $2, $3, $4) RETURNING "key"[0m  [["key", "environment"], ["value", "development"], ["created_at", "2023-09-29 09:24:38.159057"], ["updated_at", "2023-09-29 09:24:38.159057"]]
  [1m[36mTRANSACTION (0.5ms)[0m  [1m[35mCOMMIT[0m
  [1m[35m (0.3ms)[0m  [1m[34mSELECT pg_advisory_unlock(6688594638658517760)[0m
  [1m[36mActiveRecord::SchemaMigration Pluck (0.5ms)[0m  [1m[34mSELECT "schema_migrations"."version" FROM "schema_migrations" ORDER BY "schema_migrations"."version" ASC[0m
Started GET "/" for ::1 at 2023-09-29 14:54:51 +0530
  [1m[36mActiveRecord::SchemaMigration Pluck (0.6ms)[0m  [1m[34mSELECT "schema_migrations"."version" FROM "schema_migrations" ORDER BY "schema_migrations"."version" ASC[0m
Processing by DashboardController#index as HTML
  Rendering layout layouts/application.html.erb
  Rendering dashboard/index.html.erb within layouts/application
  Rendered dashboard/index.html.erb within layouts/application (Duration: 2.1ms | Allocations: 1023)
  Rendered layout layouts/application.html.erb (Duration: 484.5ms | Allocations: 192500)
Completed 200 OK in 503ms (Views: 488.8ms | ActiveRecord: 0.0ms | Allocations: 199148)


  
ActionController::RoutingError (No route matches [GET] "/assets/vector-5-2.svg"):
  
  
ActionController::RoutingError (No route matches [GET] "/assets/subtract.svg"):
  
  
ActionController::RoutingError (No route matches [GET] "/assets/border.svg"):
  
  
ActionController::RoutingError (No route matches [GET] "/assets/subtract-3.svg"):
  
  
ActionController::RoutingError (No route matches [GET] "/assets/subtract-4.svg"):
  
  
ActionController::RoutingError (No route matches [GET] "/assets/vector-5.svg"):
  
  
ActionController::RoutingError (No route matches [GET] "/assets/union-5.svg"):
  
  
ActionController::RoutingError (No route matches [GET] "/assets/union.svg"):
  
  
ActionController::RoutingError (No route matches [GET] "/assets/union-4.svg"):
  
  
ActionController::RoutingError (No route matches [GET] "/assets/union-2.svg"):
  
  
ActionController::RoutingError (No route matches [GET] "/assets/subtract-6.svg"):
  
  
ActionController::RoutingError (No route matches [GET] "/assets/subtract-2.svg"):
  
  
ActionController::RoutingError (No route matches [GET] "/assets/union-3.svg"):
  
  
ActionController::RoutingError (No route matches [GET] "/assets/line-50-8.svg"):
  
  
ActionController::RoutingError (No route matches [GET] "/assets/vector-37.svg"):
  
  
ActionController::RoutingError (No route matches [GET] "/assets/line-50-4.svg"):
  
  
ActionController::RoutingError (No route matches [GET] "/assets/vector-36.svg"):
  
  
ActionController::RoutingError (No route matches [GET] "/assets/vector.svg"):
  
  
ActionController::RoutingError (No route matches [GET] "/assets/vector-28.svg"):
  
  
ActionController::RoutingError (No route matches [GET] "/assets/vector-23.svg"):
  
  
ActionController::RoutingError (No route matches [GET] "/assets/vector-26.svg"):
  
  
ActionController::RoutingError (No route matches [GET] "/assets/line-50-5.svg"):
  
  
ActionController::RoutingError (No route matches [GET] "/assets/icon-15.svg"):
  
  
ActionController::RoutingError (No route matches [GET] "/assets/vector-30.svg"):
  
  [1m[35m (8.1ms)[0m  [1m[35mCREATE DATABASE "roomiconnect_development" ENCODING = 'unicode'[0m
  [1m[35m (0.6ms)[0m  [1m[35mCREATE DATABASE "roomiconnect_test" ENCODING = 'unicode'[0m
  [1m[35m (9.2ms)[0m  [1m[35mCREATE DATABASE "roomiconnect_development" ENCODING = 'unicode'[0m
  [1m[35m (0.6ms)[0m  [1m[35mCREATE DATABASE "roomiconnect_test" ENCODING = 'unicode'[0m
  [1m[36mActiveRecord::SchemaMigration Pluck (0.4ms)[0m  [1m[34mSELECT "schema_migrations"."version" FROM "schema_migrations" ORDER BY "schema_migrations"."version" ASC[0m
  [1m[36mActiveRecord::SchemaMigration Pluck (0.2ms)[0m  [1m[34mSELECT "schema_migrations"."version" FROM "schema_migrations" ORDER BY "schema_migrations"."version" ASC[0m
  [1m[35m (76.6ms)[0m  [1m[35mDROP DATABASE IF EXISTS "roomiconnect_development"[0m
  [1m[35m (15.2ms)[0m  [1m[35mDROP DATABASE IF EXISTS "roomiconnect_test"[0m
  [1m[35m (126.4ms)[0m  [1m[35mCREATE DATABASE "roomiconnect_development" ENCODING = 'unicode'[0m
  [1m[35m (54.7ms)[0m  [1m[35mCREATE DATABASE "roomiconnect_test" ENCODING = 'unicode'[0m
  [1m[35m (15.1ms)[0m  [1m[35mCREATE TABLE "schema_migrations" ("version" character varying NOT NULL PRIMARY KEY)[0m
  [1m[35m (3.7ms)[0m  [1m[35mCREATE TABLE "ar_internal_metadata" ("key" character varying NOT NULL PRIMARY KEY, "value" character varying, "created_at" timestamp(6) NOT NULL, "updated_at" timestamp(6) NOT NULL)[0m
  [1m[35m (0.2ms)[0m  [1m[34mSELECT pg_try_advisory_lock(6688594638658517760)[0m
  [1m[36mActiveRecord::SchemaMigration Pluck (0.4ms)[0m  [1m[34mSELECT "schema_migrations"."version" FROM "schema_migrations" ORDER BY "schema_migrations"."version" ASC[0m
  [1m[36mActiveRecord::InternalMetadata Load (0.4ms)[0m  [1m[34mSELECT "ar_internal_metadata".* FROM "ar_internal_metadata" WHERE "ar_internal_metadata"."key" = $1 LIMIT $2[0m  [["key", "environment"], ["LIMIT", 1]]
  [1m[36mTRANSACTION (0.2ms)[0m  [1m[35mBEGIN[0m
  [1m[36mActiveRecord::InternalMetadata Create (0.5ms)[0m  [1m[32mINSERT INTO "ar_internal_metadata" ("key", "value", "created_at", "updated_at") VALUES ($1, $2, $3, $4) RETURNING "key"[0m  [["key", "environment"], ["value", "development"], ["created_at", "2023-09-29 14:47:49.697898"], ["updated_at", "2023-09-29 14:47:49.697898"]]
  [1m[36mTRANSACTION (0.7ms)[0m  [1m[35mCOMMIT[0m
  [1m[35m (0.4ms)[0m  [1m[34mSELECT pg_advisory_unlock(6688594638658517760)[0m
  [1m[36mActiveRecord::SchemaMigration Pluck (0.5ms)[0m  [1m[34mSELECT "schema_migrations"."version" FROM "schema_migrations" ORDER BY "schema_migrations"."version" ASC[0m
  [1m[35m (0.3ms)[0m  [1m[34mSELECT pg_try_advisory_lock(6688594638658517760)[0m
  [1m[36mActiveRecord::SchemaMigration Pluck (0.4ms)[0m  [1m[34mSELECT "schema_migrations"."version" FROM "schema_migrations" ORDER BY "schema_migrations"."version" ASC[0m
  [1m[36mActiveRecord::InternalMetadata Load (0.3ms)[0m  [1m[34mSELECT "ar_internal_metadata".* FROM "ar_internal_metadata" WHERE "ar_internal_metadata"."key" = $1 LIMIT $2[0m  [["key", "environment"], ["LIMIT", 1]]
  [1m[35m (0.3ms)[0m  [1m[34mSELECT pg_advisory_unlock(6688594638658517760)[0m
  [1m[36mActiveRecord::SchemaMigration Pluck (0.5ms)[0m  [1m[34mSELECT "schema_migrations"."version" FROM "schema_migrations" ORDER BY "schema_migrations"."version" ASC[0m
Started GET "/" for ::1 at 2023-09-29 20:35:38 +0530
  [1m[36mActiveRecord::SchemaMigration Pluck (0.5ms)[0m  [1m[34mSELECT "schema_migrations"."version" FROM "schema_migrations" ORDER BY "schema_migrations"."version" ASC[0m
Processing by DashboardController#index as HTML
  Rendering layout layouts/application.html.erb
  Rendering dashboard/index.html.erb within layouts/application
  Rendered dashboard/index.html.erb within layouts/application (Duration: 2.0ms | Allocations: 915)
  Rendered layout layouts/application.html.erb (Duration: 9.0ms | Allocations: 3984)
Completed 200 OK in 40ms (Views: 12.1ms | ActiveRecord: 0.0ms | Allocations: 8194)


  
ActionController::RoutingError (No route matches [GET] "/assets/vector-5-2.svg"):
  
  
ActionController::RoutingError (No route matches [GET] "/assets/border.svg"):
  
  
ActionController::RoutingError (No route matches [GET] "/assets/union.svg"):
  
  
ActionController::RoutingError (No route matches [GET] "/assets/subtract-3.svg"):
  
  
ActionController::RoutingError (No route matches [GET] "/assets/subtract.svg"):
  
  
ActionController::RoutingError (No route matches [GET] "/assets/subtract-4.svg"):
  
  
ActionController::RoutingError (No route matches [GET] "/assets/union-2.svg"):
  
  
ActionController::RoutingError (No route matches [GET] "/assets/vector-5.svg"):
  
  
ActionController::RoutingError (No route matches [GET] "/assets/union-4.svg"):
  
  
ActionController::RoutingError (No route matches [GET] "/assets/subtract-6.svg"):
  
  
ActionController::RoutingError (No route matches [GET] "/assets/subtract-2.svg"):
  
  
ActionController::RoutingError (No route matches [GET] "/assets/union-3.svg"):
  
  
ActionController::RoutingError (No route matches [GET] "/assets/line-50-8.svg"):
  
  
ActionController::RoutingError (No route matches [GET] "/assets/union-5.svg"):
  
  
ActionController::RoutingError (No route matches [GET] "/assets/vector-37.svg"):
  
  
ActionController::RoutingError (No route matches [GET] "/assets/line-50-4.svg"):
  
  
ActionController::RoutingError (No route matches [GET] "/assets/vector-36.svg"):
  
  
ActionController::RoutingError (No route matches [GET] "/assets/line-50-5.svg"):
  
  
ActionController::RoutingError (No route matches [GET] "/assets/vector.svg"):
  
  
ActionController::RoutingError (No route matches [GET] "/assets/vector-28.svg"):
  
  
ActionController::RoutingError (No route matches [GET] "/assets/vector-23.svg"):
  
  
ActionController::RoutingError (No route matches [GET] "/assets/vector-26.svg"):
  
  
ActionController::RoutingError (No route matches [GET] "/assets/icon-15.svg"):
  
  
ActionController::RoutingError (No route matches [GET] "/assets/vector-30.svg"):
  
  [1m[35m (0.2ms)[0m  [1m[34mSELECT pg_try_advisory_lock(6688594638658517760)[0m
  [1m[36mActiveRecord::SchemaMigration Pluck (0.4ms)[0m  [1m[34mSELECT "schema_migrations"."version" FROM "schema_migrations" ORDER BY "schema_migrations"."version" ASC[0m
  [1m[36mActiveRecord::InternalMetadata Load (0.3ms)[0m  [1m[34mSELECT "ar_internal_metadata".* FROM "ar_internal_metadata" WHERE "ar_internal_metadata"."key" = $1 LIMIT $2[0m  [["key", "environment"], ["LIMIT", 1]]
  [1m[35m (0.3ms)[0m  [1m[34mSELECT pg_advisory_unlock(6688594638658517760)[0m
  [1m[36mActiveRecord::SchemaMigration Pluck (0.5ms)[0m  [1m[34mSELECT "schema_migrations"."version" FROM "schema_migrations" ORDER BY "schema_migrations"."version" ASC[0m
  [1m[35m (0.2ms)[0m  [1m[34mSELECT pg_try_advisory_lock(6688594638658517760)[0m
  [1m[36mActiveRecord::SchemaMigration Pluck (0.4ms)[0m  [1m[34mSELECT "schema_migrations"."version" FROM "schema_migrations" ORDER BY "schema_migrations"."version" ASC[0m
  [1m[36mActiveRecord::InternalMetadata Load (0.3ms)[0m  [1m[34mSELECT "ar_internal_metadata".* FROM "ar_internal_metadata" WHERE "ar_internal_metadata"."key" = $1 LIMIT $2[0m  [["key", "environment"], ["LIMIT", 1]]
  [1m[35m (0.3ms)[0m  [1m[34mSELECT pg_advisory_unlock(6688594638658517760)[0m
  [1m[36mActiveRecord::SchemaMigration Pluck (0.5ms)[0m  [1m[34mSELECT "schema_migrations"."version" FROM "schema_migrations" ORDER BY "schema_migrations"."version" ASC[0m
  [1m[35m (0.2ms)[0m  [1m[34mSELECT pg_try_advisory_lock(6688594638658517760)[0m
  [1m[36mActiveRecord::SchemaMigration Pluck (0.4ms)[0m  [1m[34mSELECT "schema_migrations"."version" FROM "schema_migrations" ORDER BY "schema_migrations"."version" ASC[0m
  [1m[36mActiveRecord::InternalMetadata Load (0.3ms)[0m  [1m[34mSELECT "ar_internal_metadata".* FROM "ar_internal_metadata" WHERE "ar_internal_metadata"."key" = $1 LIMIT $2[0m  [["key", "environment"], ["LIMIT", 1]]
  [1m[35m (0.4ms)[0m  [1m[34mSELECT pg_advisory_unlock(6688594638658517760)[0m
  [1m[36mActiveRecord::SchemaMigration Pluck (0.5ms)[0m  [1m[34mSELECT "schema_migrations"."version" FROM "schema_migrations" ORDER BY "schema_migrations"."version" ASC[0m
  [1m[35m (0.2ms)[0m  [1m[34mSELECT pg_try_advisory_lock(6688594638658517760)[0m
  [1m[36mActiveRecord::SchemaMigration Pluck (0.5ms)[0m  [1m[34mSELECT "schema_migrations"."version" FROM "schema_migrations" ORDER BY "schema_migrations"."version" ASC[0m
  [1m[36mActiveRecord::InternalMetadata Load (0.3ms)[0m  [1m[34mSELECT "ar_internal_metadata".* FROM "ar_internal_metadata" WHERE "ar_internal_metadata"."key" = $1 LIMIT $2[0m  [["key", "environment"], ["LIMIT", 1]]
  [1m[35m (0.3ms)[0m  [1m[34mSELECT pg_advisory_unlock(6688594638658517760)[0m
  [1m[36mActiveRecord::SchemaMigration Pluck (0.5ms)[0m  [1m[34mSELECT "schema_migrations"."version" FROM "schema_migrations" ORDER BY "schema_migrations"."version" ASC[0m
  [1m[35m (0.6ms)[0m  [1m[35mCREATE DATABASE "roomiconnect_development" ENCODING = 'unicode'[0m
  [1m[35m (0.6ms)[0m  [1m[35mCREATE DATABASE "roomiconnect_test" ENCODING = 'unicode'[0m
  [1m[35m (0.2ms)[0m  [1m[34mSELECT pg_try_advisory_lock(6688594638658517760)[0m
  [1m[36mActiveRecord::SchemaMigration Pluck (0.4ms)[0m  [1m[34mSELECT "schema_migrations"."version" FROM "schema_migrations" ORDER BY "schema_migrations"."version" ASC[0m
  [1m[36mActiveRecord::InternalMetadata Load (0.3ms)[0m  [1m[34mSELECT "ar_internal_metadata".* FROM "ar_internal_metadata" WHERE "ar_internal_metadata"."key" = $1 LIMIT $2[0m  [["key", "environment"], ["LIMIT", 1]]
  [1m[35m (0.4ms)[0m  [1m[34mSELECT pg_advisory_unlock(6688594638658517760)[0m
  [1m[36mActiveRecord::SchemaMigration Pluck (0.5ms)[0m  [1m[34mSELECT "schema_migrations"."version" FROM "schema_migrations" ORDER BY "schema_migrations"."version" ASC[0m
  [1m[35m (0.3ms)[0m  [1m[34mSELECT pg_try_advisory_lock(6688594638658517760)[0m
  [1m[36mActiveRecord::SchemaMigration Pluck (0.4ms)[0m  [1m[34mSELECT "schema_migrations"."version" FROM "schema_migrations" ORDER BY "schema_migrations"."version" ASC[0m
  [1m[36mActiveRecord::InternalMetadata Load (0.4ms)[0m  [1m[34mSELECT "ar_internal_metadata".* FROM "ar_internal_metadata" WHERE "ar_internal_metadata"."key" = $1 LIMIT $2[0m  [["key", "environment"], ["LIMIT", 1]]
  [1m[35m (0.4ms)[0m  [1m[34mSELECT pg_advisory_unlock(6688594638658517760)[0m
  [1m[36mActiveRecord::SchemaMigration Pluck (0.5ms)[0m  [1m[34mSELECT "schema_migrations"."version" FROM "schema_migrations" ORDER BY "schema_migrations"."version" ASC[0m
  [1m[35m (0.2ms)[0m  [1m[34mSELECT pg_try_advisory_lock(6688594638658517760)[0m
  [1m[36mActiveRecord::SchemaMigration Pluck (0.4ms)[0m  [1m[34mSELECT "schema_migrations"."version" FROM "schema_migrations" ORDER BY "schema_migrations"."version" ASC[0m
  [1m[36mActiveRecord::InternalMetadata Load (0.2ms)[0m  [1m[34mSELECT "ar_internal_metadata".* FROM "ar_internal_metadata" WHERE "ar_internal_metadata"."key" = $1 LIMIT $2[0m  [["key", "environment"], ["LIMIT", 1]]
  [1m[35m (0.4ms)[0m  [1m[34mSELECT pg_advisory_unlock(6688594638658517760)[0m
  [1m[36mActiveRecord::SchemaMigration Pluck (0.5ms)[0m  [1m[34mSELECT "schema_migrations"."version" FROM "schema_migrations" ORDER BY "schema_migrations"."version" ASC[0m
  [1m[35m (0.3ms)[0m  [1m[34mSELECT pg_try_advisory_lock(6688594638658517760)[0m
  [1m[36mActiveRecord::SchemaMigration Pluck (0.4ms)[0m  [1m[34mSELECT "schema_migrations"."version" FROM "schema_migrations" ORDER BY "schema_migrations"."version" ASC[0m
  [1m[36mActiveRecord::InternalMetadata Load (0.3ms)[0m  [1m[34mSELECT "ar_internal_metadata".* FROM "ar_internal_metadata" WHERE "ar_internal_metadata"."key" = $1 LIMIT $2[0m  [["key", "environment"], ["LIMIT", 1]]
  [1m[35m (0.3ms)[0m  [1m[34mSELECT pg_advisory_unlock(6688594638658517760)[0m
  [1m[36mActiveRecord::SchemaMigration Pluck (0.5ms)[0m  [1m[34mSELECT "schema_migrations"."version" FROM "schema_migrations" ORDER BY "schema_migrations"."version" ASC[0m
  [1m[35m (0.2ms)[0m  [1m[34mSELECT pg_try_advisory_lock(6688594638658517760)[0m
  [1m[36mActiveRecord::SchemaMigration Pluck (0.5ms)[0m  [1m[34mSELECT "schema_migrations"."version" FROM "schema_migrations" ORDER BY "schema_migrations"."version" ASC[0m
  [1m[36mActiveRecord::InternalMetadata Load (0.3ms)[0m  [1m[34mSELECT "ar_internal_metadata".* FROM "ar_internal_metadata" WHERE "ar_internal_metadata"."key" = $1 LIMIT $2[0m  [["key", "environment"], ["LIMIT", 1]]
  [1m[35m (0.3ms)[0m  [1m[34mSELECT pg_advisory_unlock(6688594638658517760)[0m
  [1m[36mActiveRecord::SchemaMigration Pluck (0.6ms)[0m  [1m[34mSELECT "schema_migrations"."version" FROM "schema_migrations" ORDER BY "schema_migrations"."version" ASC[0m
  [1m[35m (0.3ms)[0m  [1m[34mSELECT pg_try_advisory_lock(6688594638658517760)[0m
  [1m[36mActiveRecord::SchemaMigration Pluck (0.6ms)[0m  [1m[34mSELECT "schema_migrations"."version" FROM "schema_migrations" ORDER BY "schema_migrations"."version" ASC[0m
  [1m[36mActiveRecord::InternalMetadata Load (0.3ms)[0m  [1m[34mSELECT "ar_internal_metadata".* FROM "ar_internal_metadata" WHERE "ar_internal_metadata"."key" = $1 LIMIT $2[0m  [["key", "environment"], ["LIMIT", 1]]
  [1m[35m (0.3ms)[0m  [1m[34mSELECT pg_advisory_unlock(6688594638658517760)[0m
  [1m[36mActiveRecord::SchemaMigration Pluck (0.8ms)[0m  [1m[34mSELECT "schema_migrations"."version" FROM "schema_migrations" ORDER BY "schema_migrations"."version" ASC[0m
  [1m[35m (0.2ms)[0m  [1m[34mSELECT pg_try_advisory_lock(6688594638658517760)[0m
  [1m[36mActiveRecord::SchemaMigration Pluck (0.4ms)[0m  [1m[34mSELECT "schema_migrations"."version" FROM "schema_migrations" ORDER BY "schema_migrations"."version" ASC[0m
  [1m[36mActiveRecord::InternalMetadata Load (0.3ms)[0m  [1m[34mSELECT "ar_internal_metadata".* FROM "ar_internal_metadata" WHERE "ar_internal_metadata"."key" = $1 LIMIT $2[0m  [["key", "environment"], ["LIMIT", 1]]
  [1m[35m (0.3ms)[0m  [1m[34mSELECT pg_advisory_unlock(6688594638658517760)[0m
  [1m[36mActiveRecord::SchemaMigration Pluck (0.5ms)[0m  [1m[34mSELECT "schema_migrations"."version" FROM "schema_migrations" ORDER BY "schema_migrations"."version" ASC[0m
Started GET "/" for ::1 at 2023-10-03 15:56:14 +0530
  [1m[36mActiveRecord::SchemaMigration Pluck (0.9ms)[0m  [1m[34mSELECT "schema_migrations"."version" FROM "schema_migrations" ORDER BY "schema_migrations"."version" ASC[0m
Processing by DashboardController#index as HTML
  Rendering layout layouts/application.html.erb
  Rendering dashboard/index.html.erb within layouts/application
  Rendered dashboard/index.html.erb within layouts/application (Duration: 2.2ms | Allocations: 915)
  Rendered layout layouts/application.html.erb (Duration: 9.9ms | Allocations: 3921)
Completed 200 OK in 25ms (Views: 13.0ms | ActiveRecord: 0.0ms | Allocations: 8051)


  
ActionController::RoutingError (No route matches [GET] "/assets/vector-5-2.svg"):
  
  
ActionController::RoutingError (No route matches [GET] "/assets/subtract.svg"):
  
  
ActionController::RoutingError (No route matches [GET] "/assets/subtract-4.svg"):
  
  
ActionController::RoutingError (No route matches [GET] "/assets/vector-5.svg"):
  
  
ActionController::RoutingError (No route matches [GET] "/assets/union.svg"):
  
  
ActionController::RoutingError (No route matches [GET] "/assets/subtract-3.svg"):
  
  
ActionController::RoutingError (No route matches [GET] "/assets/union-5.svg"):
  
  
ActionController::RoutingError (No route matches [GET] "/assets/border.svg"):
  
  
ActionController::RoutingError (No route matches [GET] "/assets/union-4.svg"):
  
  
ActionController::RoutingError (No route matches [GET] "/assets/union-2.svg"):
  
  
ActionController::RoutingError (No route matches [GET] "/assets/subtract-6.svg"):
  
  
ActionController::RoutingError (No route matches [GET] "/assets/subtract-2.svg"):
  
  
ActionController::RoutingError (No route matches [GET] "/assets/union-3.svg"):
  
  
ActionController::RoutingError (No route matches [GET] "/assets/line-50-8.svg"):
  
  
ActionController::RoutingError (No route matches [GET] "/assets/line-50-4.svg"):
  
  
ActionController::RoutingError (No route matches [GET] "/assets/vector-37.svg"):
  
  
ActionController::RoutingError (No route matches [GET] "/assets/vector-36.svg"):
  
  
ActionController::RoutingError (No route matches [GET] "/assets/vector.svg"):
  
  
ActionController::RoutingError (No route matches [GET] "/assets/vector-28.svg"):
  
  
ActionController::RoutingError (No route matches [GET] "/assets/vector-23.svg"):
  
  
ActionController::RoutingError (No route matches [GET] "/assets/line-50-5.svg"):
  
  
ActionController::RoutingError (No route matches [GET] "/assets/vector-26.svg"):
  
  
ActionController::RoutingError (No route matches [GET] "/assets/icon-15.svg"):
  
  
ActionController::RoutingError (No route matches [GET] "/assets/vector-30.svg"):
  
Started GET "/" for ::1 at 2023-10-03 15:57:54 +0530
  [1m[36mActiveRecord::SchemaMigration Pluck (0.4ms)[0m  [1m[34mSELECT "schema_migrations"."version" FROM "schema_migrations" ORDER BY "schema_migrations"."version" ASC[0m
Processing by DashboardController#index as HTML
  Rendering layout layouts/application.html.erb
  Rendering dashboard/index.html.erb within layouts/application
  Rendered dashboard/index.html.erb within layouts/application (Duration: 5.6ms | Allocations: 915)
  Rendered layout layouts/application.html.erb (Duration: 14.9ms | Allocations: 3960)
Completed 200 OK in 27ms (Views: 18.9ms | ActiveRecord: 0.0ms | Allocations: 8089)


  
ActionController::RoutingError (No route matches [GET] "/assets/vector-5-2.svg"):
  
  
ActionController::RoutingError (No route matches [GET] "/assets/vector-5.svg"):
  
  
ActionController::RoutingError (No route matches [GET] "/assets/vector-37.svg"):
  
  
ActionController::RoutingError (No route matches [GET] "/assets/vector-23.svg"):
  
  
ActionController::RoutingError (No route matches [GET] "/assets/union.svg"):
  
  
ActionController::RoutingError (No route matches [GET] "/assets/subtract-3.svg"):
  
  
ActionController::RoutingError (No route matches [GET] "/assets/border.svg"):
  
  
ActionController::RoutingError (No route matches [GET] "/assets/vector.svg"):
  
  
ActionController::RoutingError (No route matches [GET] "/assets/vector-28.svg"):
  
  
ActionController::RoutingError (No route matches [GET] "/assets/vector-26.svg"):
  
  
ActionController::RoutingError (No route matches [GET] "/assets/vector-36.svg"):
  
  
ActionController::RoutingError (No route matches [GET] "/assets/line-50-4.svg"):
  
  
ActionController::RoutingError (No route matches [GET] "/assets/line-50-8.svg"):
  
  
ActionController::RoutingError (No route matches [GET] "/assets/line-50-5.svg"):
  
  
ActionController::RoutingError (No route matches [GET] "/assets/union-2.svg"):
  
  
ActionController::RoutingError (No route matches [GET] "/assets/union-3.svg"):
  
  
ActionController::RoutingError (No route matches [GET] "/assets/union-5.svg"):
  
  
ActionController::RoutingError (No route matches [GET] "/assets/union-4.svg"):
  
  
ActionController::RoutingError (No route matches [GET] "/assets/subtract.svg"):
  
  
ActionController::RoutingError (No route matches [GET] "/assets/subtract-4.svg"):
  
  
ActionController::RoutingError (No route matches [GET] "/assets/subtract-2.svg"):
  
  
ActionController::RoutingError (No route matches [GET] "/assets/subtract-6.svg"):
  
  
ActionController::RoutingError (No route matches [GET] "/assets/icon-15.svg"):
  
  
ActionController::RoutingError (No route matches [GET] "/assets/vector-30.svg"):
  
Started GET "/" for ::1 at 2024-02-12 14:20:55 +0530
  
ActiveRecord::NoDatabaseError (We could not find your database: roomiconnect_development. Which can be found in the database configuration file located at config/database.yml.

To resolve this issue:

- Did you create the database for this app, or delete it? You may need to create your database.
- Has the database name changed? Check your database.yml config has the correct database name.

To create your database, run:

        bin/rails db:create
):
  
activerecord (7.0.8) lib/active_record/connection_adapters/postgresql_adapter.rb:81:in `rescue in new_client'
activerecord (7.0.8) lib/active_record/connection_adapters/postgresql_adapter.rb:77:in `new_client'
activerecord (7.0.8) lib/active_record/connection_adapters/postgresql_adapter.rb:37:in `postgresql_connection'
activerecord (7.0.8) lib/active_record/connection_adapters/abstract/connection_pool.rb:656:in `public_send'
activerecord (7.0.8) lib/active_record/connection_adapters/abstract/connection_pool.rb:656:in `new_connection'
activerecord (7.0.8) lib/active_record/connection_adapters/abstract/connection_pool.rb:700:in `checkout_new_connection'
activerecord (7.0.8) lib/active_record/connection_adapters/abstract/connection_pool.rb:679:in `try_to_checkout_new_connection'
activerecord (7.0.8) lib/active_record/connection_adapters/abstract/connection_pool.rb:640:in `acquire_connection'
activerecord (7.0.8) lib/active_record/connection_adapters/abstract/connection_pool.rb:341:in `checkout'
activerecord (7.0.8) lib/active_record/connection_adapters/abstract/connection_pool.rb:181:in `connection'
activerecord (7.0.8) lib/active_record/connection_adapters/abstract/connection_handler.rb:211:in `retrieve_connection'
activerecord (7.0.8) lib/active_record/connection_handling.rb:313:in `retrieve_connection'
activerecord (7.0.8) lib/active_record/connection_handling.rb:280:in `connection'
activerecord (7.0.8) lib/active_record/migration.rb:648:in `connection'
activerecord (7.0.8) lib/active_record/migration.rb:643:in `build_watcher'
activerecord (7.0.8) lib/active_record/migration.rb:625:in `block in call'
activerecord (7.0.8) lib/active_record/migration.rb:624:in `synchronize'
activerecord (7.0.8) lib/active_record/migration.rb:624:in `call'
actionpack (7.0.8) lib/action_dispatch/middleware/callbacks.rb:27:in `block in call'
activesupport (7.0.8) lib/active_support/callbacks.rb:99:in `run_callbacks'
actionpack (7.0.8) lib/action_dispatch/middleware/callbacks.rb:26:in `call'
actionpack (7.0.8) lib/action_dispatch/middleware/executor.rb:14:in `call'
actionpack (7.0.8) lib/action_dispatch/middleware/actionable_exceptions.rb:17:in `call'
actionpack (7.0.8) lib/action_dispatch/middleware/debug_exceptions.rb:28:in `call'
web-console (4.2.1) lib/web_console/middleware.rb:132:in `call_app'
web-console (4.2.1) lib/web_console/middleware.rb:28:in `block in call'
web-console (4.2.1) lib/web_console/middleware.rb:17:in `catch'
web-console (4.2.1) lib/web_console/middleware.rb:17:in `call'
actionpack (7.0.8) lib/action_dispatch/middleware/show_exceptions.rb:29:in `call'
railties (7.0.8) lib/rails/rack/logger.rb:40:in `call_app'
railties (7.0.8) lib/rails/rack/logger.rb:25:in `block in call'
activesupport (7.0.8) lib/active_support/tagged_logging.rb:99:in `block in tagged'
activesupport (7.0.8) lib/active_support/tagged_logging.rb:37:in `tagged'
activesupport (7.0.8) lib/active_support/tagged_logging.rb:99:in `tagged'
railties (7.0.8) lib/rails/rack/logger.rb:25:in `call'
sprockets-rails (3.4.2) lib/sprockets/rails/quiet_assets.rb:13:in `call'
actionpack (7.0.8) lib/action_dispatch/middleware/remote_ip.rb:93:in `call'
actionpack (7.0.8) lib/action_dispatch/middleware/request_id.rb:26:in `call'
rack (2.2.8) lib/rack/method_override.rb:24:in `call'
rack (2.2.8) lib/rack/runtime.rb:22:in `call'
activesupport (7.0.8) lib/active_support/cache/strategy/local_cache_middleware.rb:29:in `call'
actionpack (7.0.8) lib/action_dispatch/middleware/server_timing.rb:61:in `block in call'
actionpack (7.0.8) lib/action_dispatch/middleware/server_timing.rb:26:in `collect_events'
actionpack (7.0.8) lib/action_dispatch/middleware/server_timing.rb:60:in `call'
actionpack (7.0.8) lib/action_dispatch/middleware/executor.rb:14:in `call'
actionpack (7.0.8) lib/action_dispatch/middleware/static.rb:23:in `call'
rack (2.2.8) lib/rack/sendfile.rb:110:in `call'
actionpack (7.0.8) lib/action_dispatch/middleware/host_authorization.rb:138:in `call'
railties (7.0.8) lib/rails/engine.rb:530:in `call'
puma (5.6.7) lib/puma/configuration.rb:252:in `call'
puma (5.6.7) lib/puma/request.rb:77:in `block in handle_request'
puma (5.6.7) lib/puma/thread_pool.rb:340:in `with_force_shutdown'
puma (5.6.7) lib/puma/request.rb:76:in `handle_request'
puma (5.6.7) lib/puma/server.rb:443:in `process_client'
puma (5.6.7) lib/puma/thread_pool.rb:147:in `block in spawn_thread'
  [1m[35m (127.9ms)[0m  [1m[35mCREATE DATABASE "roomiconnect_development" ENCODING = 'unicode'[0m
  [1m[35m (64.4ms)[0m  [1m[35mCREATE DATABASE "roomiconnect_test" ENCODING = 'unicode'[0m
Started GET "/" for ::1 at 2024-02-12 14:21:21 +0530
Processing by DashboardController#index as HTML
  Rendering layout layouts/application.html.erb
  Rendering dashboard/index.html.erb within layouts/application
  Rendered dashboard/index.html.erb within layouts/application (Duration: 1.6ms | Allocations: 915)
  Rendered layout layouts/application.html.erb (Duration: 7.4ms | Allocations: 3872)
Completed 200 OK in 18ms (Views: 9.7ms | ActiveRecord: 0.0ms | Allocations: 8437)


  
ActionController::RoutingError (No route matches [GET] "/assets/border.svg"):
  
  
ActionController::RoutingError (No route matches [GET] "/assets/vector-5.svg"):
  
  
ActionController::RoutingError (No route matches [GET] "/assets/subtract.svg"):
  
  
ActionController::RoutingError (No route matches [GET] "/assets/union-2.svg"):
  
  
ActionController::RoutingError (No route matches [GET] "/assets/vector-5-2.svg"):
  
  
ActionController::RoutingError (No route matches [GET] "/assets/subtract-3.svg"):
  
  
ActionController::RoutingError (No route matches [GET] "/assets/union.svg"):
  
  
ActionController::RoutingError (No route matches [GET] "/assets/union-3.svg"):
  
  
ActionController::RoutingError (No route matches [GET] "/assets/union-4.svg"):
  
  
ActionController::RoutingError (No route matches [GET] "/assets/subtract-4.svg"):
  
  
ActionController::RoutingError (No route matches [GET] "/assets/subtract-6.svg"):
  
  
ActionController::RoutingError (No route matches [GET] "/assets/union-5.svg"):
  
  
ActionController::RoutingError (No route matches [GET] "/assets/subtract-2.svg"):
  
  
ActionController::RoutingError (No route matches [GET] "/assets/line-50-8.svg"):
  
  
ActionController::RoutingError (No route matches [GET] "/assets/vector-37.svg"):
  
  
ActionController::RoutingError (No route matches [GET] "/assets/line-50-4.svg"):
  
  
ActionController::RoutingError (No route matches [GET] "/assets/vector-36.svg"):
  
  
ActionController::RoutingError (No route matches [GET] "/assets/line-50-5.svg"):
  
  
ActionController::RoutingError (No route matches [GET] "/assets/vector.svg"):
  
  
ActionController::RoutingError (No route matches [GET] "/assets/vector-28.svg"):
  
  
ActionController::RoutingError (No route matches [GET] "/assets/vector-23.svg"):
  
  
ActionController::RoutingError (No route matches [GET] "/assets/vector-26.svg"):
  
  
ActionController::RoutingError (No route matches [GET] "/assets/icon-15.svg"):
  
  
ActionController::RoutingError (No route matches [GET] "/assets/vector-30.svg"):
  
